<?xml version="1.0" encoding="UTF-8"?>
<!-- Generated by org.testng.reporters.JUnitReportReporter -->
<testsuite hostname="QA-1" failures="0" tests="1" name="demo.validation2" time="5.339" errors="0" timestamp="2022-01-24T15:47:46 GST" skipped="0">
  <testcase classname="demo.validation2" name="restAssuredGET_test_method" time="5.339"/>
  <system-out/>
</testsuite> <!-- demo.validation2 -->
