<?xml version="1.0" encoding="UTF-8"?>
<!-- Generated by org.testng.reporters.JUnitReportReporter -->
<testsuite hostname="QA-1" failures="0" tests="1" name="test.dataTypeValidation" time="1.671" errors="0" timestamp="2022-01-24T16:53:13 GST" skipped="0">
  <testcase classname="test.dataTypeValidation" name="restAssuredGET_test_method" time="1.671"/>
  <system-out/>
</testsuite> <!-- test.dataTypeValidation -->
