<?xml version="1.0" encoding="UTF-8"?>
<!-- Generated by org.testng.reporters.JUnitReportReporter -->
<testsuite hostname="QA-1" failures="0" tests="1" name="test.programTypeValidation" time="3.097" errors="0" timestamp="2022-01-24T16:53:13 GST" skipped="0">
  <testcase classname="test.programTypeValidation" name="restAssuredGET_test_method" time="3.097"/>
  <system-out/>
</testsuite> <!-- test.programTypeValidation -->
