<?xml version="1.0" encoding="UTF-8"?>
<!-- Generated by org.testng.reporters.JUnitReportReporter -->
<testsuite hostname="QA-1" failures="0" tests="1" name="demo.apiTest" time="3.611" errors="0" timestamp="2022-01-24T14:11:11 GST" skipped="0">
  <testcase classname="demo.apiTest" name="restAssuredGET_test_method" time="3.611"/>
  <system-out/>
</testsuite> <!-- demo.apiTest -->
